<?xml version="1.0" encoding="UTF-8"?>
<!-- Generated by org.testng.reporters.JUnitReportReporter -->
<testsuite hostname="Zinniamor" failures="0" tests="2" name="test.com.GradeTest" time="0.001" errors="0" timestamp="28 Sep 2023 18:51:38 GMT">
  <testcase classname="test.com.GradeTest" name="testGrade" time="0.001"/>
  <testcase classname="test.com.GradeTest" name="testGradeFail" time="0.000"/>
</testsuite> <!-- test.com.GradeTest -->
